                   --------------------- Info(2021-01-11 18:30:07.3938)DESKTOP-IBIRFQ3-------------------- 
                   
                   Exception Type:
                   Exception Message:
                   Stack Trace:
                   Additional Info:GET products on11-01-2021 18:30:07
                   
                   --------------------- Info(2021-01-11 18:30:44.2641)DESKTOP-IBIRFQ3-------------------- 
                   
                   Exception Type:
                   Exception Message:
                   Stack Trace:
                   Additional Info:POST product on11-01-2021 18:30:44
                   
                   --------------------- Info(2021-01-11 18:30:44.3190)DESKTOP-IBIRFQ3-------------------- 
                   
                   Exception Type:
                   Exception Message:
                   Stack Trace:
                   Additional Info:GET products on11-01-2021 18:30:44
                   
                   --------------------- Info(2021-01-11 18:31:20.9514)DESKTOP-IBIRFQ3-------------------- 
                   
                   Exception Type:
                   Exception Message:
                   Stack Trace:
                   Additional Info:GET details of products(ID) on11-01-2021 18:31:20
                   
                   --------------------- Info(2021-01-11 18:31:22.7903)DESKTOP-IBIRFQ3-------------------- 
                   
                   Exception Type:
                   Exception Message:
                   Stack Trace:
                   Additional Info:GET products on11-01-2021 18:31:22
                   
                   --------------------- Info(2021-01-11 18:31:45.5785)DESKTOP-IBIRFQ3-------------------- 
                   
                   Exception Type:
                   Exception Message:
                   Stack Trace:
                   Additional Info:DELETE products on11-01-2021 18:31:45
                   
                   --------------------- Info(2021-01-11 18:31:45.6284)DESKTOP-IBIRFQ3-------------------- 
                   
                   Exception Type:
                   Exception Message:
                   Stack Trace:
                   Additional Info:GET products on11-01-2021 18:31:45
                   
                   --------------------- Info(2021-01-12 14:57:50.8839)DESKTOP-IBIRFQ3-------------------- 
                   
                   Exception Type:
                   Exception Message:
                   Stack Trace:
                   Additional Info:GET products on12-01-2021 14:57:50
                   
                   --------------------- Info(2021-01-12 14:58:32.8572)DESKTOP-IBIRFQ3-------------------- 
                   
                   Exception Type:
                   Exception Message:
                   Stack Trace:
                   Additional Info:POST product on12-01-2021 14:58:32
                   
                   --------------------- Info(2021-01-12 14:58:32.9467)DESKTOP-IBIRFQ3-------------------- 
                   
                   Exception Type:
                   Exception Message:
                   Stack Trace:
                   Additional Info:GET products on12-01-2021 14:58:32
                   
