                   --------------------- Error(2021-01-06 10:30:37.4949)DESKTOP-IBIRFQ3-------------------- 
                   
                   Exception Type:System.DivideByZeroException
                   Exception Message:Attempted to divide by zero.
                   Stack Trace:
                   Additional Info:Error occured in Home controller Index Action
                   
                   --------------------- Info(2021-01-11 17:52:27.3508)DESKTOP-IBIRFQ3-------------------- 
                   
                   Exception Type:
                   Exception Message:
                   Stack Trace:
                   Additional Info:GET products on11-01-2021 17:52:27
                   
                   --------------------- Info(2021-01-11 17:52:36.9813)DESKTOP-IBIRFQ3-------------------- 
                   
                   Exception Type:
                   Exception Message:
                   Stack Trace:
                   Additional Info:GET details of products(ID) on11-01-2021 17:52:36
                   
                   --------------------- Info(2021-01-11 17:52:45.9862)DESKTOP-IBIRFQ3-------------------- 
                   
                   Exception Type:
                   Exception Message:
                   Stack Trace:
                   Additional Info:PUT products on11-01-2021 17:52:45
                   
                   --------------------- Info(2021-01-11 17:52:46.0291)DESKTOP-IBIRFQ3-------------------- 
                   
                   Exception Type:
                   Exception Message:
                   Stack Trace:
                   Additional Info:GET products on11-01-2021 17:52:46
                   
                   --------------------- Info(2021-01-11 17:52:49.4464)DESKTOP-IBIRFQ3-------------------- 
                   
                   Exception Type:
                   Exception Message:
                   Stack Trace:
                   Additional Info:GET details of products(ID) on11-01-2021 17:52:49
                   
                   --------------------- Info(2021-01-11 17:53:04.6567)DESKTOP-IBIRFQ3-------------------- 
                   
                   Exception Type:
                   Exception Message:
                   Stack Trace:
                   Additional Info:PUT products on11-01-2021 17:53:04
                   
                   --------------------- Info(2021-01-11 17:53:04.6787)DESKTOP-IBIRFQ3-------------------- 
                   
                   Exception Type:
                   Exception Message:
                   Stack Trace:
                   Additional Info:GET products on11-01-2021 17:53:04
                   
                   --------------------- Info(2021-01-11 17:54:01.9991)DESKTOP-IBIRFQ3-------------------- 
                   
                   Exception Type:
                   Exception Message:
                   Stack Trace:
                   Additional Info:GET products on11-01-2021 17:54:01
                   
                   --------------------- Info(2021-01-11 17:54:07.1379)DESKTOP-IBIRFQ3-------------------- 
                   
                   Exception Type:
                   Exception Message:
                   Stack Trace:
                   Additional Info:GET details of products(ID) on11-01-2021 17:54:07
                   
                   --------------------- Info(2021-01-11 17:54:11.1150)DESKTOP-IBIRFQ3-------------------- 
                   
                   Exception Type:
                   Exception Message:
                   Stack Trace:
                   Additional Info:PUT products on11-01-2021 17:54:11
                   
                   --------------------- Info(2021-01-11 17:54:11.1509)DESKTOP-IBIRFQ3-------------------- 
                   
                   Exception Type:
                   Exception Message:
                   Stack Trace:
                   Additional Info:GET products on11-01-2021 17:54:11
                   
                   --------------------- Info(2021-01-11 17:54:29.0590)DESKTOP-IBIRFQ3-------------------- 
                   
                   Exception Type:
                   Exception Message:
                   Stack Trace:
                   Additional Info:DELETE products on11-01-2021 17:54:29
                   
                   --------------------- Info(2021-01-11 17:54:29.0839)DESKTOP-IBIRFQ3-------------------- 
                   
                   Exception Type:
                   Exception Message:
                   Stack Trace:
                   Additional Info:GET products on11-01-2021 17:54:29
                   
                   --------------------- Info(2021-01-11 17:56:39.8640)DESKTOP-IBIRFQ3-------------------- 
                   
                   Exception Type:
                   Exception Message:
                   Stack Trace:
                   Additional Info:GET products on11-01-2021 17:56:39
                   
                   --------------------- Info(2021-01-11 17:56:59.7547)DESKTOP-IBIRFQ3-------------------- 
                   
                   Exception Type:
                   Exception Message:
                   Stack Trace:
                   Additional Info:GET products on11-01-2021 17:56:59
                   
                   --------------------- Info(2021-01-11 17:57:36.5078)DESKTOP-IBIRFQ3-------------------- 
                   
                   Exception Type:
                   Exception Message:
                   Stack Trace:
                   Additional Info:POST product on11-01-2021 17:57:36
                   
                   --------------------- Info(2021-01-11 17:57:36.6294)DESKTOP-IBIRFQ3-------------------- 
                   
                   Exception Type:
                   Exception Message:
                   Stack Trace:
                   Additional Info:GET products on11-01-2021 17:57:36
                   
                   --------------------- Info(2021-01-11 17:58:17.8711)DESKTOP-IBIRFQ3-------------------- 
                   
                   Exception Type:
                   Exception Message:
                   Stack Trace:
                   Additional Info:GET products on11-01-2021 17:58:17
                   
                   --------------------- Info(2021-01-11 17:58:39.4085)DESKTOP-IBIRFQ3-------------------- 
                   
                   Exception Type:
                   Exception Message:
                   Stack Trace:
                   Additional Info:GET products on11-01-2021 17:58:39
                   
                   --------------------- Info(2021-01-11 18:27:59.8376)DESKTOP-IBIRFQ3-------------------- 
                   
                   Exception Type:
                   Exception Message:
                   Stack Trace:
                   Additional Info:GET products on11-01-2021 18:27:59
                   
                   --------------------- Info(2021-01-11 18:28:07.6793)DESKTOP-IBIRFQ3-------------------- 
                   
                   Exception Type:
                   Exception Message:
                   Stack Trace:
                   Additional Info:GET details of products(ID) on11-01-2021 18:28:07
                   
                   --------------------- Info(2021-01-11 18:28:22.4322)DESKTOP-IBIRFQ3-------------------- 
                   
                   Exception Type:
                   Exception Message:
                   Stack Trace:
                   Additional Info:PUT products on11-01-2021 18:28:22
                   
                   --------------------- Info(2021-01-11 18:28:22.4810)DESKTOP-IBIRFQ3-------------------- 
                   
                   Exception Type:
                   Exception Message:
                   Stack Trace:
                   Additional Info:GET products on11-01-2021 18:28:22
                   
